2025-04-19 20:58:03.141 [info] Reading sessions from keychain...
2025-04-19 20:58:03.141 [info] Getting sessions for all scopes...
2025-04-19 20:58:03.141 [info] Getting sessions for all scopes...
2025-04-19 20:58:03.141 [info] Getting sessions for all scopes...
2025-04-19 20:58:03.141 [info] Getting sessions for all scopes...
2025-04-19 20:58:03.141 [info] Getting sessions for all scopes...
2025-04-19 20:58:03.141 [info] Getting sessions for all scopes...
2025-04-19 20:58:03.141 [info] Getting sessions for all scopes...
2025-04-19 20:58:03.141 [info] Got 0 sessions for ...
2025-04-19 20:58:03.141 [info] Got 0 sessions for ...
2025-04-19 20:58:03.141 [info] Got 0 sessions for ...
2025-04-19 20:58:03.141 [info] Got 0 sessions for ...
2025-04-19 20:58:03.141 [info] Got 0 sessions for ...
2025-04-19 20:58:03.141 [info] Got 0 sessions for ...
2025-04-19 20:58:03.141 [info] Got 0 sessions for ...
2025-04-19 20:58:03.141 [info] Getting sessions for all scopes...
2025-04-19 20:58:03.141 [info] Got 0 sessions for ...
2025-04-19 20:58:03.141 [info] Getting sessions for all scopes...
2025-04-19 20:58:03.141 [info] Got 0 sessions for ...
2025-04-19 20:58:03.141 [info] Getting sessions for all scopes...
2025-04-19 20:58:03.141 [info] Got 0 sessions for ...
2025-04-19 20:58:03.141 [info] Getting sessions for all scopes...
2025-04-19 20:58:03.141 [info] Got 0 sessions for ...
2025-04-19 20:58:03.141 [info] Getting sessions for all scopes...
2025-04-19 20:58:03.141 [info] Got 0 sessions for ...
2025-04-19 20:58:03.141 [info] Getting sessions for all scopes...
2025-04-19 20:58:03.141 [info] Got 0 sessions for ...
2025-04-19 20:58:04.240 [info] Getting sessions for read:user,repo,user:email,workflow...
2025-04-19 20:58:04.240 [info] Got 0 sessions for read:user,repo,user:email,workflow...
2025-04-19 20:58:04.247 [info] Getting sessions for all scopes...
2025-04-19 20:58:04.247 [info] Got 0 sessions for ...
2025-04-19 20:58:05.134 [info] Getting sessions for read:user,repo,user:email...
2025-04-19 20:58:05.134 [info] Got 0 sessions for read:user,repo,user:email...
2025-04-19 20:58:06.037 [info] Getting sessions for read:user,repo,user:email...
2025-04-19 20:58:06.037 [info] Got 0 sessions for read:user,repo,user:email...
2025-04-19 20:58:07.174 [info] Getting sessions for all scopes...
2025-04-19 20:58:07.174 [info] Got 0 sessions for ...
2025-04-19 20:58:07.726 [info] Getting sessions for all scopes...
2025-04-19 20:58:07.726 [info] Got 0 sessions for ...
