2025-04-19 19:28:18.943 [info] Reading sessions from keychain...
2025-04-19 19:28:18.943 [info] Getting sessions for all scopes...
2025-04-19 19:28:18.943 [info] Getting sessions for all scopes...
2025-04-19 19:28:18.943 [info] Getting sessions for all scopes...
2025-04-19 19:28:18.943 [info] Got 0 sessions for ...
2025-04-19 19:28:18.943 [info] Got 0 sessions for ...
2025-04-19 19:28:18.943 [info] Got 0 sessions for ...
2025-04-19 19:28:18.943 [info] Getting sessions for all scopes...
2025-04-19 19:28:18.943 [info] Got 0 sessions for ...
2025-04-19 19:28:18.943 [info] Getting sessions for all scopes...
2025-04-19 19:28:18.943 [info] Got 0 sessions for ...
2025-04-19 19:28:18.943 [info] Getting sessions for all scopes...
2025-04-19 19:28:18.943 [info] Got 0 sessions for ...
2025-04-19 19:28:18.943 [info] Getting sessions for all scopes...
2025-04-19 19:28:18.943 [info] Got 0 sessions for ...
2025-04-19 19:28:18.943 [info] Getting sessions for all scopes...
2025-04-19 19:28:18.943 [info] Got 0 sessions for ...
2025-04-19 19:28:18.943 [info] Getting sessions for all scopes...
2025-04-19 19:28:18.943 [info] Got 0 sessions for ...
2025-04-19 19:28:18.943 [info] Getting sessions for all scopes...
2025-04-19 19:28:18.943 [info] Got 0 sessions for ...
2025-04-19 19:28:18.943 [info] Getting sessions for all scopes...
2025-04-19 19:28:18.943 [info] Got 0 sessions for ...
2025-04-19 19:28:18.943 [info] Getting sessions for all scopes...
2025-04-19 19:28:18.943 [info] Got 0 sessions for ...
2025-04-19 19:28:18.943 [info] Getting sessions for all scopes...
2025-04-19 19:28:18.943 [info] Got 0 sessions for ...
2025-04-19 19:28:18.943 [info] Getting sessions for all scopes...
2025-04-19 19:28:18.943 [info] Got 0 sessions for ...
2025-04-19 19:28:20.191 [info] Getting sessions for all scopes...
2025-04-19 19:28:20.191 [info] Got 0 sessions for ...
2025-04-19 19:28:20.386 [info] Getting sessions for all scopes...
2025-04-19 19:28:20.386 [info] Got 0 sessions for ...
2025-04-19 19:28:22.470 [info] Getting sessions for all scopes...
2025-04-19 19:28:22.470 [info] Got 0 sessions for ...
2025-04-19 19:29:19.715 [info] Reading sessions from keychain...
2025-04-19 19:29:19.715 [info] Getting sessions for all scopes...
2025-04-19 19:29:19.715 [info] Getting sessions for all scopes...
2025-04-19 19:29:19.715 [info] Getting sessions for all scopes...
2025-04-19 19:29:19.744 [info] Getting sessions for all scopes...
2025-04-19 19:29:19.744 [info] Getting sessions for all scopes...
2025-04-19 19:29:19.744 [info] Getting sessions for all scopes...
2025-04-19 19:29:19.745 [info] Getting sessions for all scopes...
2025-04-19 19:29:19.745 [info] Getting sessions for all scopes...
2025-04-19 19:29:19.749 [info] Got 0 sessions for ...
2025-04-19 19:29:19.749 [info] Got 0 sessions for ...
2025-04-19 19:29:19.749 [info] Got 0 sessions for ...
2025-04-19 19:29:19.749 [info] Got 0 sessions for ...
2025-04-19 19:29:19.749 [info] Got 0 sessions for ...
2025-04-19 19:29:19.749 [info] Got 0 sessions for ...
2025-04-19 19:29:19.749 [info] Got 0 sessions for ...
2025-04-19 19:29:19.749 [info] Got 0 sessions for ...
2025-04-19 19:29:19.963 [info] Getting sessions for all scopes...
2025-04-19 19:29:19.963 [info] Got 0 sessions for ...
2025-04-19 19:29:19.964 [info] Getting sessions for all scopes...
2025-04-19 19:29:19.964 [info] Got 0 sessions for ...
2025-04-19 19:29:19.964 [info] Getting sessions for all scopes...
2025-04-19 19:29:19.964 [info] Got 0 sessions for ...
2025-04-19 19:29:19.964 [info] Getting sessions for all scopes...
2025-04-19 19:29:19.964 [info] Got 0 sessions for ...
2025-04-19 19:29:19.965 [info] Getting sessions for all scopes...
2025-04-19 19:29:19.965 [info] Got 0 sessions for ...
2025-04-19 19:29:19.965 [info] Getting sessions for all scopes...
2025-04-19 19:29:19.965 [info] Got 0 sessions for ...
2025-04-19 19:29:20.337 [info] Getting sessions for all scopes...
2025-04-19 19:29:20.337 [info] Got 0 sessions for ...
2025-04-19 19:29:21.149 [info] Getting sessions for all scopes...
2025-04-19 19:29:21.150 [info] Got 0 sessions for ...
2025-04-19 19:29:26.148 [info] Getting sessions for read:user,repo,user:email,workflow...
2025-04-19 19:29:26.148 [info] Got 0 sessions for read:user,repo,user:email,workflow...
2025-04-19 19:33:04.274 [info] Getting sessions for read:user,repo,user:email...
2025-04-19 19:33:04.274 [info] Got 0 sessions for read:user,repo,user:email...
2025-04-19 19:33:04.319 [info] Getting sessions for read:user,repo,user:email...
2025-04-19 19:33:04.319 [info] Got 0 sessions for read:user,repo,user:email...
2025-04-19 19:33:04.343 [info] Getting sessions for read:user,repo,user:email...
2025-04-19 19:33:04.343 [info] Got 0 sessions for read:user,repo,user:email...
