2025-04-19 19:28:20.038 [info] ComputeTargetPlatform: linux-x64
2025-04-19 19:29:29.298 [info] ComputeTargetPlatform: linux-x64
2025-04-19 19:29:43.179 [info] Getting Manifest... github.github-vscode-theme
2025-04-19 19:29:43.238 [info] Installing extension: github.github-vscode-theme {"isMachineScoped":false,"installPreReleaseVersion":false,"pinned":false,"profileLocation":{"$mid":1,"external":"vscode-userdata:/home/jocascript/.vscode-insiders/extensions/extensions.json","path":"/home/jocascript/.vscode-insiders/extensions/extensions.json","scheme":"vscode-userdata"},"isApplicationScoped":false,"productVersion":{"version":"1.100.0-insider","date":"2025-04-18T05:31:28.011Z"}}
2025-04-19 19:29:51.737 [info] Extension signature verification result for github.github-vscode-theme: Success. Internal Code: 0. Executed: true. Duration: 7615ms.
2025-04-19 19:29:51.771 [info] Extracted extension to file:///home/jocascript/.vscode-insiders/extensions/github.github-vscode-theme-6.3.5: github.github-vscode-theme
2025-04-19 19:29:51.778 [info] Renamed to /home/jocascript/.vscode-insiders/extensions/github.github-vscode-theme-6.3.5
2025-04-19 19:29:51.793 [info] Extension installed successfully: github.github-vscode-theme vscode-userdata:/home/jocascript/.vscode-insiders/extensions/extensions.json
2025-04-19 19:30:54.443 [info] Getting Manifest... rust-lang.rust-analyzer
2025-04-19 19:30:54.499 [info] Installing extension: rust-lang.rust-analyzer {"isMachineScoped":false,"installPreReleaseVersion":true,"pinned":false,"profileLocation":{"$mid":1,"external":"vscode-userdata:/home/jocascript/.vscode-insiders/extensions/extensions.json","path":"/home/jocascript/.vscode-insiders/extensions/extensions.json","scheme":"vscode-userdata"},"isApplicationScoped":false,"productVersion":{"version":"1.100.0-insider","date":"2025-04-18T05:31:28.011Z"}}
2025-04-19 19:31:06.095 [info] Extension signature verification result for rust-lang.rust-analyzer: Success. Internal Code: 0. Executed: true. Duration: 823ms.
2025-04-19 19:31:06.554 [info] Extracted extension to file:///home/jocascript/.vscode-insiders/extensions/rust-lang.rust-analyzer-0.4.2428-linux-x64: rust-lang.rust-analyzer
2025-04-19 19:31:06.589 [info] Renamed to /home/jocascript/.vscode-insiders/extensions/rust-lang.rust-analyzer-0.4.2428-linux-x64
2025-04-19 19:31:06.609 [info] Extension installed successfully: rust-lang.rust-analyzer vscode-userdata:/home/jocascript/.vscode-insiders/extensions/extensions.json
2025-04-19 19:32:53.402 [info] Getting Manifest... eamodio.gitlens
2025-04-19 19:32:53.609 [info] Installing extension: eamodio.gitlens {"isMachineScoped":false,"installPreReleaseVersion":true,"pinned":false,"profileLocation":{"$mid":1,"external":"vscode-userdata:/home/jocascript/.vscode-insiders/extensions/extensions.json","path":"/home/jocascript/.vscode-insiders/extensions/extensions.json","scheme":"vscode-userdata"},"isApplicationScoped":false,"productVersion":{"version":"1.100.0-insider","date":"2025-04-18T05:31:28.011Z"}}
2025-04-19 19:33:02.819 [info] Extension signature verification result for eamodio.gitlens: Success. Internal Code: 0. Executed: true. Duration: 779ms.
2025-04-19 19:33:03.156 [info] Extracted extension to file:///home/jocascript/.vscode-insiders/extensions/eamodio.gitlens-2025.4.1815: eamodio.gitlens
2025-04-19 19:33:03.210 [info] Renamed to /home/jocascript/.vscode-insiders/extensions/eamodio.gitlens-2025.4.1815
2025-04-19 19:33:03.248 [info] Extension installed successfully: eamodio.gitlens vscode-userdata:/home/jocascript/.vscode-insiders/extensions/extensions.json
