2025-04-19 19:28:18.656 [info] Extension host with pid 11523 started
2025-04-19 19:28:18.722 [info] ExtensionService#_doActivateExtension vscode.github-authentication, startup: false, activationEvent: 'onAuthenticationRequest:github'
2025-04-19 19:28:18.755 [info] ExtensionService#_doActivateExtension vscode.emmet, startup: false, activationEvent: 'onLanguage'
2025-04-19 19:28:18.822 [info] ExtensionService#_doActivateExtension vscode.git-base, startup: true, activationEvent: '*', root cause: vscode.git
2025-04-19 19:28:18.826 [info] ExtensionService#_doActivateExtension vscode.git, startup: true, activationEvent: '*'
2025-04-19 19:28:18.872 [info] ExtensionService#_doActivateExtension vscode.github, startup: true, activationEvent: '*'
2025-04-19 19:28:18.977 [info] Eager extensions activated
2025-04-19 19:28:18.992 [info] ExtensionService#_doActivateExtension vscode.debug-auto-launch, startup: false, activationEvent: 'onStartupFinished'
2025-04-19 19:28:18.994 [info] ExtensionService#_doActivateExtension vscode.merge-conflict, startup: false, activationEvent: 'onStartupFinished'
2025-04-19 19:28:19.924 [info] ExtensionService#_doActivateExtension vscode.configuration-editing, startup: false, activationEvent: 'onLanguage:jsonc'
2025-04-19 19:28:19.949 [info] ExtensionService#_doActivateExtension vscode.json-language-features, startup: false, activationEvent: 'onLanguage:jsonc'
2025-04-19 19:28:20.053 [info] ExtensionService#_doActivateExtension vscode.typescript-language-features, startup: false, activationEvent: 'onLanguage:jsonc'
2025-04-19 19:29:18.002 [info] Extension host terminating: renderer closed the MessagePort
2025-04-19 19:29:18.029 [info] Extension host with pid 11523 exiting with code 0
2025-04-19 19:29:19.599 [info] Extension host with pid 11671 started
2025-04-19 19:29:19.599 [info] Skipping acquiring lock for /home/jocascript/.config/Code - Insiders/User/workspaceStorage/accdb6bd417cb36cdddf140c8aedbbc9.
2025-04-19 19:29:19.633 [info] ExtensionService#_doActivateExtension vscode.github-authentication, startup: false, activationEvent: 'onAuthenticationRequest:github'
2025-04-19 19:29:19.745 [info] ExtensionService#_doActivateExtension vscode.git-base, startup: true, activationEvent: '*'
2025-04-19 19:29:19.755 [info] ExtensionService#_doActivateExtension vscode.configuration-editing, startup: false, activationEvent: 'onLanguage:jsonc'
2025-04-19 19:29:19.767 [info] ExtensionService#_doActivateExtension vscode.json-language-features, startup: false, activationEvent: 'onLanguage:jsonc'
2025-04-19 19:29:19.848 [info] ExtensionService#_doActivateExtension vscode.typescript-language-features, startup: false, activationEvent: 'onLanguage:jsonc'
2025-04-19 19:29:19.925 [info] ExtensionService#_doActivateExtension vscode.emmet, startup: false, activationEvent: 'onLanguage'
2025-04-19 19:29:20.027 [info] ExtensionService#_doActivateExtension vscode.github, startup: true, activationEvent: '*'
2025-04-19 19:29:20.183 [info] Eager extensions activated
2025-04-19 19:29:20.300 [info] ExtensionService#_doActivateExtension vscode.debug-auto-launch, startup: false, activationEvent: 'onStartupFinished'
2025-04-19 19:29:20.304 [info] ExtensionService#_doActivateExtension vscode.merge-conflict, startup: false, activationEvent: 'onStartupFinished'
2025-04-19 19:29:25.804 [info] ExtensionService#_doActivateExtension vscode.git, startup: false, activationEvent: 'api', root cause: vscode.github
2025-04-19 19:31:06.921 [info] ExtensionService#_doActivateExtension rust-lang.rust-analyzer, startup: false, activationEvent: 'onWalkthrough:landing'
2025-04-19 19:33:03.753 [info] ExtensionService#_doActivateExtension eamodio.gitlens, startup: false, activationEvent: 'onStartupFinished'
2025-04-19 19:34:19.210 [warning] TextEditor is closed/disposed
2025-04-19 19:35:14.345 [warning] TextEditor is closed/disposed
2025-04-19 19:35:47.172 [warning] TextEditor is closed/disposed
2025-04-19 19:35:50.702 [warning] TextEditor is closed/disposed
2025-04-19 19:36:52.677 [warning] TextEditor is closed/disposed
2025-04-19 19:37:51.336 [warning] TextEditor is closed/disposed
2025-04-19 19:38:36.138 [info] Extension host terminating: renderer closed the MessagePort
2025-04-19 19:38:36.204 [error] An error occurred when disposing the subscriptions for extension 'eamodio.gitlens':
2025-04-19 19:38:36.205 [error] TypeError: Cannot read properties of undefined (reading 'dispose')
	at Object.dispose (file:///opt/visual-studio-code-insiders/resources/app/out/vs/workbench/api/node/extensionHostProcess.js:145:119811)
	at c0.<anonymous> (file:///opt/visual-studio-code-insiders/resources/app/out/vs/workbench/api/node/extensionHostProcess.js:115:8921)
	at c0.dispose (file:///opt/visual-studio-code-insiders/resources/app/out/vs/workbench/api/node/extensionHostProcess.js:115:9017)
	at Object.dispose (/home/jocascript/.vscode-insiders/extensions/eamodio.gitlens-2025.4.1815/dist/gitlens.js:1326:24077)
	at /home/jocascript/.vscode-insiders/extensions/eamodio.gitlens-2025.4.1815/dist/gitlens.js:1916:15296
	at Array.forEach (<anonymous>)
	at Object.dispose (/home/jocascript/.vscode-insiders/extensions/eamodio.gitlens-2025.4.1815/dist/gitlens.js:1916:15278)
	at Er (file:///opt/visual-studio-code-insiders/resources/app/out/vs/workbench/api/node/extensionHostProcess.js:25:746)
	at file:///opt/visual-studio-code-insiders/resources/app/out/vs/workbench/api/node/extensionHostProcess.js:123:15046
	at file:///opt/visual-studio-code-insiders/resources/app/out/vs/workbench/api/node/extensionHostProcess.js:25:1056
	at Object.dispose (file:///opt/visual-studio-code-insiders/resources/app/out/vs/workbench/api/node/extensionHostProcess.js:8:705)
	at mJ.eb (file:///opt/visual-studio-code-insiders/resources/app/out/vs/workbench/api/node/extensionHostProcess.js:123:11919)
	at file:///opt/visual-studio-code-insiders/resources/app/out/vs/workbench/api/node/extensionHostProcess.js:123:9874
	at Array.map (<anonymous>)
	at mJ.$ (file:///opt/visual-studio-code-insiders/resources/app/out/vs/workbench/api/node/extensionHostProcess.js:123:9862)
	at mJ.terminate (file:///opt/visual-studio-code-insiders/resources/app/out/vs/workbench/api/node/extensionHostProcess.js:123:10105)
	at r2.terminate (file:///opt/visual-studio-code-insiders/resources/app/out/vs/workbench/api/node/extensionHostProcess.js:124:1434)
	at ls (file:///opt/visual-studio-code-insiders/resources/app/out/vs/workbench/api/node/extensionHostProcess.js:225:5702)
	at MessagePortMain.<anonymous> (file:///opt/visual-studio-code-insiders/resources/app/out/vs/workbench/api/node/extensionHostProcess.js:225:2249)
	at MessagePortMain.emit (node:events:524:28)
	at MessagePortMain._internalPort.emit (node:electron/js2c/utility_init:2:2949)
2025-04-19 19:38:36.210 [error] Canceled: Canceled
	at new HN (file:///opt/visual-studio-code-insiders/resources/app/out/vs/workbench/api/node/extensionHostProcess.js:29:111426)
	at i5.U (file:///opt/visual-studio-code-insiders/resources/app/out/vs/workbench/api/node/extensionHostProcess.js:29:116036)
	at s.<computed>.n.charCodeAt.s.<computed> (file:///opt/visual-studio-code-insiders/resources/app/out/vs/workbench/api/node/extensionHostProcess.js:29:113530)
	at Rb.g (file:///opt/visual-studio-code-insiders/resources/app/out/vs/workbench/api/node/extensionHostProcess.js:119:41004)
	at Rb.executeCommand (file:///opt/visual-studio-code-insiders/resources/app/out/vs/workbench/api/node/extensionHostProcess.js:119:40508)
	at i.registerCommand.description (file:///opt/visual-studio-code-insiders/resources/app/out/vs/workbench/api/node/extensionHostProcess.js:119:39838)
	at Rb.h (file:///opt/visual-studio-code-insiders/resources/app/out/vs/workbench/api/node/extensionHostProcess.js:119:41524)
	at Rb.g (file:///opt/visual-studio-code-insiders/resources/app/out/vs/workbench/api/node/extensionHostProcess.js:119:40601)
	at Rb.executeCommand (file:///opt/visual-studio-code-insiders/resources/app/out/vs/workbench/api/node/extensionHostProcess.js:119:40508)
	at Object.executeCommand (file:///opt/visual-studio-code-insiders/resources/app/out/vs/workbench/api/node/extensionHostProcess.js:170:30356)
	at ho (/home/jocascript/.vscode-insiders/extensions/rust-lang.rust-analyzer-0.4.2428-linux-x64/out/main.js:44:50227)
	at Object.Ix (/home/jocascript/.vscode-insiders/extensions/rust-lang.rust-analyzer-0.4.2428-linux-x64/out/main.js:386:593)
	at mJ.eb (file:///opt/visual-studio-code-insiders/resources/app/out/vs/workbench/api/node/extensionHostProcess.js:123:11724)
	at file:///opt/visual-studio-code-insiders/resources/app/out/vs/workbench/api/node/extensionHostProcess.js:123:9874
	at Array.map (<anonymous>)
	at mJ.$ (file:///opt/visual-studio-code-insiders/resources/app/out/vs/workbench/api/node/extensionHostProcess.js:123:9862)
	at mJ.terminate (file:///opt/visual-studio-code-insiders/resources/app/out/vs/workbench/api/node/extensionHostProcess.js:123:10105)
	at r2.terminate (file:///opt/visual-studio-code-insiders/resources/app/out/vs/workbench/api/node/extensionHostProcess.js:124:1434)
	at ls (file:///opt/visual-studio-code-insiders/resources/app/out/vs/workbench/api/node/extensionHostProcess.js:225:5702)
	at MessagePortMain.<anonymous> (file:///opt/visual-studio-code-insiders/resources/app/out/vs/workbench/api/node/extensionHostProcess.js:225:2249)
	at MessagePortMain.emit (node:events:524:28)
	at MessagePortMain._internalPort.emit (node:electron/js2c/utility_init:2:2949)
2025-04-19 19:38:36.213 [info] Extension host with pid 11671 exiting with code 0
